2025-12-01 14:15:25,038 - INFO - ПЊЪМбЕСЗЭЦМіФЃаЭ...
2025-12-01 14:15:25,254 - ERROR - бЕСЗЙ§ГЬжаЗЂЩњДэЮѓ: agg function failed [how->mean,dtype->object]
2025-12-01 14:15:34,859 - INFO - ЦєЖЏЖЈЪБбЕСЗШЮЮё...
2025-12-01 14:15:34,860 - INFO - ПЊЪМбЕСЗЭЦМіФЃаЭ...
2025-12-01 14:15:34,985 - ERROR - бЕСЗЙ§ГЬжаЗЂЩњДэЮѓ: agg function failed [how->mean,dtype->object]
2025-12-01 14:15:46,667 - INFO - ПЊЪМбЕСЗЭЦМіФЃаЭ...
2025-12-01 14:15:46,796 - ERROR - бЕСЗЙ§ГЬжаЗЂЩњДэЮѓ: agg function failed [how->mean,dtype->object]
2025-12-01 14:18:01,581 - INFO - ПЊЪМбЕСЗЭЦМіФЃаЭ...
2025-12-01 14:18:01,726 - ERROR - ФЃаЭбЕСЗЪЇАм
2025-12-01 14:24:15,748 - INFO - ПЊЪМбЕСЗЭЦМіФЃаЭ...
2025-12-01 14:24:15,935 - ERROR - ФЃаЭбЕСЗЪЇАм
2025-12-01 14:26:31,657 - INFO - ПЊЪМбЕСЗЭЦМіФЃаЭ...
2025-12-01 14:26:31,723 - INFO - ФЃаЭбЕСЗГЩЙІЃЁКФЪБ: 0:00:00.065385
2025-12-01 16:47:05,620 - INFO - ЦєЖЏЖЈЪБбЕСЗШЮЮё...
2025-12-01 16:47:05,623 - INFO - ПЊЪМбЕСЗЭЦМіФЃаЭ...
2025-12-01 16:47:05,765 - INFO - ФЃаЭбЕСЗГЩЙІЃЁКФЪБ: 0:00:00.142170
2025-12-01 16:47:28,164 - INFO - ПЊЪМбЕСЗЭЦМіФЃаЭ...
2025-12-01 16:47:28,216 - INFO - ФЃаЭбЕСЗГЩЙІЃЁКФЪБ: 0:00:00.051810
2025-12-07 14:57:02,844 - INFO - ПЊЪМбЕСЗЭЦМіФЃаЭ...
2025-12-07 14:57:03,008 - INFO - ФЃаЭбЕСЗГЩЙІЃЁКФЪБ: 0:00:00.157161
2025-12-14 12:58:39,830 - INFO - ПЊЪМбЕСЗЭЦМіФЃаЭ...
2025-12-14 12:58:39,940 - INFO - ФЃаЭбЕСЗГЩЙІЃЁКФЪБ: 0:00:00.108730
2025-12-14 12:58:56,227 - INFO - ПЊЪМбЕСЗЭЦМіФЃаЭ...
2025-12-14 12:58:56,310 - INFO - ФЃаЭбЕСЗГЩЙІЃЁКФЪБ: 0:00:00.083436
2025-12-14 12:59:11,055 - INFO - ПЊЪМбЕСЗЭЦМіФЃаЭ...
2025-12-14 12:59:11,124 - INFO - ФЃаЭбЕСЗГЩЙІЃЁКФЪБ: 0:00:00.067999
2025-12-14 13:09:46,716 - INFO - ПЊЪМбЕСЗЭЦМіФЃаЭ...
2025-12-14 13:09:46,804 - INFO - ФЃаЭбЕСЗГЩЙІЃЁКФЪБ: 0:00:00.087393
2026-04-26 13:33:11,530 - INFO - ПЊЪМбЕСЗЭЦМіФЃаЭ...
2026-04-26 13:33:11,694 - INFO - ФЃаЭбЕСЗГЩЙІЃЁКФЪБ: 0:00:00.161423
2026-04-26 13:59:39,585 - INFO - ПЊЪМбЕСЗЭЦМіФЃаЭ...
2026-04-26 13:59:39,654 - INFO - ФЃаЭбЕСЗГЩЙІЃЁКФЪБ: 0:00:00.068903
2026-04-26 14:42:01,267 - INFO - ПЊЪМбЕСЗЭЦМіФЃаЭ...
2026-04-26 14:42:01,399 - INFO - ФЃаЭбЕСЗГЩЙІЃЁКФЪБ: 0:00:00.129586
2026-04-26 18:43:21,892 - INFO - ПЊЪМбЕСЗЭЦМіФЃаЭ...
2026-04-26 18:43:22,029 - INFO - ФЃаЭбЕСЗГЩЙІЃЁКФЪБ: 0:00:00.135294
2026-04-26 18:52:51,803 - INFO - ПЊЪМбЕСЗЭЦМіФЃаЭ...
2026-04-26 18:52:51,868 - INFO - ФЃаЭбЕСЗГЩЙІЃЁКФЪБ: 0:00:00.064197
2026-04-26 19:32:46,089 - INFO - ПЊЪМбЕСЗЭЦМіФЃаЭ...
2026-04-26 19:32:46,162 - INFO - ФЃаЭбЕСЗГЩЙІЃЁКФЪБ: 0:00:00.072867
2026-04-26 20:06:28,426 - INFO - ПЊЪМбЕСЗЭЦМіФЃаЭ...
2026-04-26 20:06:28,476 - INFO - ФЃаЭбЕСЗГЩЙІЃЁКФЪБ: 0:00:00.050079
2026-04-26 20:25:35,907 - INFO - ПЊЪМбЕСЗЭЦМіФЃаЭ...
2026-04-26 20:25:35,975 - INFO - ФЃаЭбЕСЗГЩЙІЃЁКФЪБ: 0:00:00.067304
2026-04-26 22:58:04,172 - INFO - ПЊЪМбЕСЗЭЦМіФЃаЭ...
2026-04-26 22:58:04,325 - INFO - ФЃаЭбЕСЗГЩЙІЃЁКФЪБ: 0:00:00.150359
2026-04-27 00:01:34,680 - INFO - ПЊЪМбЕСЗЭЦМіФЃаЭ...
2026-04-27 00:01:34,820 - INFO - ФЃаЭбЕСЗГЩЙІЃЁКФЪБ: 0:00:00.137769
2026-04-27 10:31:18,637 - INFO - ПЊЪМбЕСЗЭЦМіФЃаЭ...
2026-04-27 10:31:18,794 - INFO - ФЃаЭбЕСЗГЩЙІЃЁКФЪБ: 0:00:00.154709
2026-04-27 10:55:35,984 - INFO - ПЊЪМбЕСЗЭЦМіФЃаЭ...
2026-04-27 10:55:36,132 - INFO - ФЃаЭбЕСЗГЩЙІЃЁКФЪБ: 0:00:00.145629
